Starting COVID ETL pipeline...
Step 1: Ingesting raw data from APT...
python3: can't open file '/home/kojo/src/etl/ingest_covid.py': [Errno 2] No such file or directory
Starting COVID ETL pipeline...
Step 1: Ingesting raw data from API...
Fetching data from API...
Retrieved 420 records. Formatting...
Connecting to Neon database...
Inserting data...
ETL Complete! Data inserted into covid_daily table.
Ingestion complete.
Step 2: Transformation and cleaning data...
/home/kojo/Projects/Data-Engineering-Projects/covid-tracking-pipeline/src/etl/transform_covid.py:8: UserWarning: pandas only supports SQLAlchemy connectable (engine/connection) or database string URI or sqlite3 DBAPI2 connection. Other DBAPI2 objects are not tested. Please consider using SQLAlchemy.
  return pd.read_sql(query, conn)
/home/kojo/Projects/Data-Engineering-Projects/covid-tracking-pipeline/src/etl/transform_covid.py:14: FutureWarning: Downcasting object dtype arrays on .fillna, .ffill, .bfill is deprecated and will change in a future version. Call result.infer_objects(copy=False) instead. To opt-in to the future behavior, set `pd.set_option('future.no_silent_downcasting', True)`
  df = df.fillna(0).infer_objects(copy=False)
/home/kojo/Projects/Data-Engineering-Projects/covid-tracking-pipeline/src/etl/transform_covid.py:20: FutureWarning: Downcasting object dtype arrays on .fillna, .ffill, .bfill is deprecated and will change in a future version. Call result.infer_objects(copy=False) instead. To opt-in to the future behavior, set `pd.set_option('future.no_silent_downcasting', True)`
  df = df.fillna(0)
Loading raw covid data...
Transforming data...
Saving cleaned data...
Transformation Complete! Cleaned data is ready.
Transformation complete.
ETL pipeline finished successfully.
